  GAME2012_A5_Escobar_Krespi.cpp
E:\dev\3dGraph\3dGraphFinalProject\GAME2012_W13_Lecture2\GAME2012_W13_Lecture\FirstExample\Shape.h(67,21): warning C4018: '<': signed/unsigned mismatch
E:\dev\3dGraph\3dGraphFinalProject\GAME2012_W13_Lecture2\GAME2012_W13_Lecture\FirstExample\Shape.h(79,21): warning C4018: '<': signed/unsigned mismatch
E:\dev\3dGraph\3dGraphFinalProject\GAME2012_W13_Lecture2\GAME2012_W13_Lecture\FirstExample\Shape.h(151,30): warning C4244: 'argument': conversion from 'int' to 'const _Ty', possible loss of data
          with
          [
              _Ty=GLfloat
          ]
E:\dev\3dGraph\3dGraphFinalProject\GAME2012_W13_Lecture2\GAME2012_W13_Lecture\FirstExample\Shape.h(152,30): warning C4244: 'argument': conversion from 'int' to 'const _Ty', possible loss of data
          with
          [
              _Ty=GLfloat
          ]
E:\dev\3dGraph\3dGraphFinalProject\GAME2012_W13_Lecture2\GAME2012_W13_Lecture\FirstExample\Shape.h(195,21): warning C4018: '<': signed/unsigned mismatch
E:\dev\3dGraph\3dGraphFinalProject\GAME2012_W13_Lecture2\GAME2012_W13_Lecture\FirstExample\Shape.h(360,1): warning C4244: '+=': conversion from 'double' to 'float', possible loss of data
E:\dev\3dGraph\3dGraphFinalProject\GAME2012_W13_Lecture2\GAME2012_W13_Lecture\FirstExample\Shape.h(371,1): warning C4244: '+=': conversion from 'double' to 'float', possible loss of data
E:\dev\3dGraph\3dGraphFinalProject\GAME2012_W13_Lecture2\GAME2012_W13_Lecture\FirstExample\Shape.h(412,21): warning C4018: '<': signed/unsigned mismatch
E:\dev\3dGraph\3dGraphFinalProject\GAME2012_W13_Lecture2\GAME2012_W13_Lecture\FirstExample\Shape.h(436,1): warning C4244: '+=': conversion from 'double' to 'float', possible loss of data
E:\dev\3dGraph\3dGraphFinalProject\GAME2012_W13_Lecture2\GAME2012_W13_Lecture\FirstExample\Shape.h(462,21): warning C4018: '<': signed/unsigned mismatch
E:\dev\3dGraph\3dGraphFinalProject\GAME2012_W13_Lecture2\GAME2012_W13_Lecture\FirstExample\GAME2012_A5_Escobar_Krespi.cpp(96,21): warning C4018: '<': signed/unsigned mismatch
E:\dev\3dGraph\3dGraphFinalProject\GAME2012_W13_Lecture2\GAME2012_W13_Lecture\FirstExample\GAME2012_A5_Escobar_Krespi.cpp(400,24): warning C4305: 'argument': truncation from 'double' to 'GLfloat'
E:\dev\3dGraph\3dGraphFinalProject\GAME2012_W13_Lecture2\GAME2012_W13_Lecture\FirstExample\GAME2012_A5_Escobar_Krespi.cpp(689,26): warning C4305: '-=': truncation from 'double' to 'T'
          with
          [
              T=float
          ]
E:\dev\3dGraph\3dGraphFinalProject\GAME2012_W13_Lecture2\GAME2012_W13_Lecture\FirstExample\GAME2012_A5_Escobar_Krespi.cpp(691,27): warning C4305: '-=': truncation from 'double' to 'T'
          with
          [
              T=float
          ]
E:\dev\3dGraph\3dGraphFinalProject\GAME2012_W13_Lecture2\GAME2012_W13_Lecture\FirstExample\GAME2012_A5_Escobar_Krespi.cpp(693,27): warning C4305: '+=': truncation from 'double' to 'T'
          with
          [
              T=float
          ]
E:\dev\3dGraph\3dGraphFinalProject\GAME2012_W13_Lecture2\GAME2012_W13_Lecture\FirstExample\GAME2012_A5_Escobar_Krespi.cpp(695,27): warning C4305: '+=': truncation from 'double' to 'T'
          with
          [
              T=float
          ]
E:\dev\3dGraph\3dGraphFinalProject\GAME2012_W13_Lecture2\GAME2012_W13_Lecture\FirstExample\GAME2012_A5_Escobar_Krespi.cpp(697,27): warning C4305: '+=': truncation from 'double' to 'T'
          with
          [
              T=float
          ]
E:\dev\3dGraph\3dGraphFinalProject\GAME2012_W13_Lecture2\GAME2012_W13_Lecture\FirstExample\GAME2012_A5_Escobar_Krespi.cpp(699,27): warning C4305: '-=': truncation from 'double' to 'T'
          with
          [
              T=float
          ]
  FirstExample.vcxproj -> E:\dev\3dGraph\3dGraphFinalProject\GAME2012_W13_Lecture2\GAME2012_W13_Lecture\Debug\FirstExample.exe
